0 info it worked if it ends with ok
1 verbose cli [ '/Users/thomaskuhnert/.nvm/versions/node/v6.6.0/bin/node',
1 verbose cli   '/Users/thomaskuhnert/.nvm/versions/node/v6.6.0/bin/npm',
1 verbose cli   'run',
1 verbose cli   'seed:delete' ]
2 info using npm@3.10.3
3 info using node@v6.6.0
4 verbose run-script [ 'preseed:delete', 'seed:delete', 'postseed:delete' ]
5 info lifecycle node@1.0.0~preseed:delete: node@1.0.0
6 silly lifecycle node@1.0.0~preseed:delete: no script for preseed:delete, continuing
7 info lifecycle node@1.0.0~seed:delete: node@1.0.0
8 verbose lifecycle node@1.0.0~seed:delete: unsafe-perm in lifecycle true
9 verbose lifecycle node@1.0.0~seed:delete: PATH: /Users/thomaskuhnert/.nvm/versions/node/v6.6.0/lib/node_modules/npm/bin/node-gyp-bin:/Users/thomaskuhnert/develop/dci/marketing-website/node_modules/.bin:/Users/thomaskuhnert/.nvm/versions/node/v6.6.0/bin:/Users/thomaskuhnert/.rvm/gems/ruby-2.2.5/bin:/Users/thomaskuhnert/.rvm/gems/ruby-2.2.5@global/bin:/Users/thomaskuhnert/.rvm/rubies/ruby-2.2.5/bin:/usr/local/opt/qt@5.5/bin:/Users/thomaskuhnert/.nvm/versions/node/v6.6.0/bin:/Users/thomaskuhnert/.rbenv/shims:/Users/thomaskuhnert/.avn/bin:/usr/local/bin:/Users/thomaskuhnert/.node/bin:/usr/local/bin:/usr/bin:/bin:/usr/sbin:/sbin:/Library/TeX/texbin:/usr/local/go/bin:/usr/local/MacGPG2/bin:/Library/Frameworks/Mono.framework/Versions/Current/Commands:/Applications/Wireshark.app/Contents/MacOS:/bin:/Users/thomaskuhnert/go/bin:/Users/thomaskuhnert/bin:/Users/thomaskuhnert/.rvm/bin:./node_modules/.bin:/Users/thomaskuhnert/.fzf/bin:/Applications/Visual Studio Code.app/Contents/Resources/app/bin
10 verbose lifecycle node@1.0.0~seed:delete: CWD: /Users/thomaskuhnert/develop/dci/marketing-website
11 silly lifecycle node@1.0.0~seed:delete: Args: [ '-c', 'node seeds.js --delete' ]
12 silly lifecycle node@1.0.0~seed:delete: Returned: code: 1  signal: null
13 info lifecycle node@1.0.0~seed:delete: Failed to exec seed:delete script
14 verbose stack Error: node@1.0.0 seed:delete: `node seeds.js --delete`
14 verbose stack Exit status 1
14 verbose stack     at EventEmitter.<anonymous> (/Users/thomaskuhnert/.nvm/versions/node/v6.6.0/lib/node_modules/npm/lib/utils/lifecycle.js:242:16)
14 verbose stack     at emitTwo (events.js:106:13)
14 verbose stack     at EventEmitter.emit (events.js:191:7)
14 verbose stack     at ChildProcess.<anonymous> (/Users/thomaskuhnert/.nvm/versions/node/v6.6.0/lib/node_modules/npm/lib/utils/spawn.js:40:14)
14 verbose stack     at emitTwo (events.js:106:13)
14 verbose stack     at ChildProcess.emit (events.js:191:7)
14 verbose stack     at maybeClose (internal/child_process.js:877:16)
14 verbose stack     at Process.ChildProcess._handle.onexit (internal/child_process.js:226:5)
15 verbose pkgid node@1.0.0
16 verbose cwd /Users/thomaskuhnert/develop/dci/marketing-website
17 error Darwin 18.0.0
18 error argv "/Users/thomaskuhnert/.nvm/versions/node/v6.6.0/bin/node" "/Users/thomaskuhnert/.nvm/versions/node/v6.6.0/bin/npm" "run" "seed:delete"
19 error node v6.6.0
20 error npm  v3.10.3
21 error code ELIFECYCLE
22 error node@1.0.0 seed:delete: `node seeds.js --delete`
22 error Exit status 1
23 error Failed at the node@1.0.0 seed:delete script 'node seeds.js --delete'.
23 error Make sure you have the latest version of node.js and npm installed.
23 error If you do, this is most likely a problem with the node package,
23 error not with npm itself.
23 error Tell the author that this fails on your system:
23 error     node seeds.js --delete
23 error You can get information on how to open an issue for this project with:
23 error     npm bugs node
23 error Or if that isn't available, you can get their info via:
23 error     npm owner ls node
23 error There is likely additional logging output above.
24 verbose exit [ 1, true ]
